{
  "RSpec": {
    "coverage": {
      "/Users/jus/turing/2module/projects/little_shop/spec/models/item_spec.rb": [
        1,
        null,
        1,
        1,
        2,
        2,
        2,
        2,
        2,
        null,
        1,
        2,
        2,
        2,
        null,
        null
      ],
      "/Users/jus/turing/2module/projects/little_shop/spec/rails_helper.rb": [
        null,
        1,
        1,
        1,
        null,
        1,
        1,
        null,
        null,
        null,
        null,
        null,
        null,
        null,
        null,
        null,
        null,
        null,
        null,
        null,
        null,
        null,
        null,
        null,
        null,
        null,
        1,
        1,
        null,
        0,
        0,
        null,
        1,
        1,
        1,
        1,
        null,
        null,
        1,
        null,
        1,
        null,
        null,
        null,
        null,
        1,
        null,
        null,
        null,
        null,
        null,
        null,
        null,
        null,
        null,
        null,
        null,
        null,
        null,
        null,
        1,
        null,
        null,
        1,
        null,
        null,
        null
      ],
      "/Users/jus/turing/2module/projects/little_shop/config/environment.rb": [
        null,
        1,
        null,
        null,
        1
      ],
      "/Users/jus/turing/2module/projects/little_shop/config/application.rb": [
        1,
        null,
        1,
        null,
        1,
        1,
        1,
        1,
        1,
        1,
        1,
        1,
        null,
        null,
        null,
        null,
        1,
        null,
        1,
        1,
        null,
        1,
        null,
        null,
        null,
        null,
        null,
        null,
        1,
        null,
        null
      ],
      "/Users/jus/turing/2module/projects/little_shop/config/boot.rb": [
        1,
        null,
        1
      ],
      "/Users/jus/turing/2module/projects/little_shop/config/environments/test.rb": [
        1,
        null,
        null,
        null,
        null,
        null,
        null,
        1,
        null,
        null,
        null,
        null,
        1,
        null,
        null,
        1,
        1,
        null,
        null,
        null,
        null,
        1,
        1,
        null,
        null,
        1,
        null,
        null,
        1,
        1,
        null,
        null,
        null,
        null,
        1,
        null,
        null,
        1,
        null,
        null,
        null,
        null
      ],
      "/Users/jus/turing/2module/projects/little_shop/config/initializers/application_controller_renderer.rb": [
        null,
        null,
        null,
        null,
        null,
        null,
        null,
        null
      ],
      "/Users/jus/turing/2module/projects/little_shop/config/initializers/assets.rb": [
        null,
        null,
        null,
        1,
        null,
        null,
        null,
        null,
        1,
        null,
        null,
        null,
        null,
        null
      ],
      "/Users/jus/turing/2module/projects/little_shop/config/initializers/backtrace_silencers.rb": [
        null,
        null,
        null,
        null,
        null,
        null,
        null
      ],
      "/Users/jus/turing/2module/projects/little_shop/config/initializers/cookies_serializer.rb": [
        null,
        null,
        null,
        null,
        1
      ],
      "/Users/jus/turing/2module/projects/little_shop/config/initializers/filter_parameter_logging.rb": [
        null,
        null,
        null,
        1
      ],
      "/Users/jus/turing/2module/projects/little_shop/config/initializers/inflections.rb": [
        null,
        null,
        null,
        null,
        null,
        null,
        null,
        null,
        null,
        null,
        null,
        null,
        null,
        null,
        null,
        null
      ],
      "/Users/jus/turing/2module/projects/little_shop/config/initializers/mime_types.rb": [
        null,
        null,
        null,
        null
      ],
      "/Users/jus/turing/2module/projects/little_shop/config/initializers/wrap_parameters.rb": [
        null,
        null,
        null,
        null,
        null,
        null,
        1,
        2,
        null,
        null,
        null,
        null,
        null,
        null
      ],
      "/Users/jus/turing/2module/projects/little_shop/config/routes.rb": [
        1,
        null,
        null
      ],
      "/Users/jus/turing/2module/projects/little_shop/app/helpers/application_helper.rb": [
        1,
        null
      ],
      "/Users/jus/turing/2module/projects/little_shop/app/models/item.rb": [
        1,
        1,
        null,
        1,
        1,
        1,
        null
      ],
      "/Users/jus/turing/2module/projects/little_shop/app/models/application_record.rb": [
        1,
        1,
        null
      ],
      "/Users/jus/turing/2module/projects/little_shop/spec/models/order_item_spec.rb": [
        1,
        null,
        1,
        1,
        null,
        1,
        2,
        2,
        null,
        null
      ],
      "/Users/jus/turing/2module/projects/little_shop/app/models/order_item.rb": [
        1,
        1,
        1,
        null
      ],
      "/Users/jus/turing/2module/projects/little_shop/spec/models/order_spec.rb": [
        1,
        null,
        1,
        1,
        2,
        null,
        1,
        2,
        2,
        null,
        null
      ],
      "/Users/jus/turing/2module/projects/little_shop/app/models/order.rb": [
        1,
        1,
        null,
        1,
        1,
        1,
        null
      ]
    },
    "timestamp": 1544905690
  }
}
